<?xml version="1.0" encoding="UTF-8"?>
<testng-results skipped="0" failed="1" ignored="0" total="4" passed="3">
  <reporter-output>
  </reporter-output>
  <suite name="Suite" duration-ms="86628" started-at="2020-11-10T11:28:01 IST" finished-at="2020-11-10T11:29:27 IST">
    <groups>
    </groups>
    <test name="Test" duration-ms="86628" started-at="2020-11-10T11:28:01 IST" finished-at="2020-11-10T11:29:27 IST">
      <class name="TestPackage.MainTestClass">
        <test-method status="PASS" signature="setUp()[pri:0, instance:TestPackage.MainTestClass@16022d9d]" name="setUp" is-config="true" duration-ms="15019" started-at="2020-11-10T11:28:26 IST" finished-at="2020-11-10T11:28:41 IST">
          <reporter-output>
          </reporter-output>
        </test-method> <!-- setUp -->
        <test-method status="FAIL" signature="registrationData(java.lang.String, java.lang.String, java.lang.String, java.lang.String, java.lang.String)[pri:0, instance:TestPackage.MainTestClass@16022d9d]" name="registrationData" duration-ms="5175" started-at="2020-11-10T11:28:41 IST" data-provider="getTestData" finished-at="2020-11-10T11:28:46 IST">
          <params>
            <param index="0">
              <value>
                <![CDATA[John1]]>
              </value>
            </param>
            <param index="1">
              <value>
                <![CDATA[Micheal]]>
              </value>
            </param>
            <param index="2">
              <value>
                <![CDATA[Pune]]>
              </value>
            </param>
            <param index="3">
              <value>
                <![CDATA[abc@gmail.com]]>
              </value>
            </param>
            <param index="4">
              <value>
                <![CDATA[123.0]]>
              </value>
            </param>
          </params>
          <exception class="java.lang.NullPointerException">
            <full-stacktrace>
              <![CDATA[java.lang.NullPointerException
at com.relevantcodes.extentreports.ExtentTest.isPathRelative(ExtentTest.java:502)
at com.relevantcodes.extentreports.ExtentTest.addScreenCapture(ExtentTest.java:287)
at TestPackage.MainTestClass.registrationData(MainTestClass.java:95)
at sun.reflect.NativeMethodAccessorImpl.invoke0(Native Method)
at sun.reflect.NativeMethodAccessorImpl.invoke(NativeMethodAccessorImpl.java:62)
at sun.reflect.DelegatingMethodAccessorImpl.invoke(DelegatingMethodAccessorImpl.java:43)
at java.lang.reflect.Method.invoke(Method.java:498)
at org.testng.internal.MethodInvocationHelper.invokeMethod(MethodInvocationHelper.java:135)
at org.testng.internal.TestInvoker.invokeMethod(TestInvoker.java:598)
at org.testng.internal.TestInvoker.invokeTestMethod(TestInvoker.java:174)
at org.testng.internal.MethodRunner.runInSequence(MethodRunner.java:46)
at org.testng.internal.TestInvoker$MethodInvocationAgent.invoke(TestInvoker.java:821)
at org.testng.internal.TestInvoker.invokeTestMethods(TestInvoker.java:147)
at org.testng.internal.TestMethodWorker.invokeTestMethods(TestMethodWorker.java:146)
at org.testng.internal.TestMethodWorker.run(TestMethodWorker.java:128)
at java.util.ArrayList.forEach(ArrayList.java:1259)
at org.testng.TestRunner.privateRun(TestRunner.java:767)
at org.testng.TestRunner.run(TestRunner.java:588)
at org.testng.SuiteRunner.runTest(SuiteRunner.java:384)
at org.testng.SuiteRunner.runSequentially(SuiteRunner.java:378)
at org.testng.SuiteRunner.privateRun(SuiteRunner.java:337)
at org.testng.SuiteRunner.run(SuiteRunner.java:286)
at org.testng.SuiteRunnerWorker.runSuite(SuiteRunnerWorker.java:53)
at org.testng.SuiteRunnerWorker.run(SuiteRunnerWorker.java:96)
at org.testng.TestNG.runSuitesSequentially(TestNG.java:1214)
at org.testng.TestNG.runSuitesLocally(TestNG.java:1136)
at org.testng.TestNG.runSuites(TestNG.java:1066)
at org.testng.TestNG.run(TestNG.java:1034)
at org.testng.remote.AbstractRemoteTestNG.run(AbstractRemoteTestNG.java:115)
at org.testng.remote.RemoteTestNG.initAndRun(RemoteTestNG.java:251)
at org.testng.remote.RemoteTestNG.main(RemoteTestNG.java:77)
]]>
            </full-stacktrace>
          </exception> <!-- java.lang.NullPointerException -->
          <reporter-output>
          </reporter-output>
        </test-method> <!-- registrationData -->
        <test-method status="PASS" signature="teardown(org.testng.ITestResult)[pri:0, instance:TestPackage.MainTestClass@16022d9d]" name="teardown" is-config="true" duration-ms="3294" started-at="2020-11-10T11:28:47 IST" finished-at="2020-11-10T11:28:50 IST">
          <params>
            <param index="0">
              <value>
                <![CDATA[[TestResult name=registrationData status=FAILURE method=MainTestClass.registrationData(java.lang.String, java.lang.String, java.lang.String, java.lang.String, java.lang.String)[pri:0, instance:TestPackage.MainTestClass@16022d9d] output={null}]]]>
              </value>
            </param>
          </params>
          <reporter-output>
          </reporter-output>
        </test-method> <!-- teardown -->
        <test-method status="PASS" signature="setUp()[pri:0, instance:TestPackage.MainTestClass@16022d9d]" name="setUp" is-config="true" duration-ms="11030" started-at="2020-11-10T11:28:50 IST" finished-at="2020-11-10T11:29:01 IST">
          <reporter-output>
          </reporter-output>
        </test-method> <!-- setUp -->
        <test-method status="PASS" signature="registrationData(java.lang.String, java.lang.String, java.lang.String, java.lang.String, java.lang.String)[pri:0, instance:TestPackage.MainTestClass@16022d9d]" name="registrationData" duration-ms="740" started-at="2020-11-10T11:29:01 IST" data-provider="getTestData" finished-at="2020-11-10T11:29:02 IST">
          <params>
            <param index="0">
              <value>
                <![CDATA[Baris1]]>
              </value>
            </param>
            <param index="1">
              <value>
                <![CDATA[BarisSirname]]>
              </value>
            </param>
            <param index="2">
              <value>
                <![CDATA[Mumbai]]>
              </value>
            </param>
            <param index="3">
              <value>
                <![CDATA[abc2@gmail.com]]>
              </value>
            </param>
            <param index="4">
              <value>
                <![CDATA[124.0]]>
              </value>
            </param>
          </params>
          <reporter-output>
          </reporter-output>
        </test-method> <!-- registrationData -->
        <test-method status="PASS" signature="teardown(org.testng.ITestResult)[pri:0, instance:TestPackage.MainTestClass@16022d9d]" name="teardown" is-config="true" duration-ms="831" started-at="2020-11-10T11:29:02 IST" finished-at="2020-11-10T11:29:02 IST">
          <params>
            <param index="0">
              <value>
                <![CDATA[[TestResult name=registrationData status=SUCCESS method=MainTestClass.registrationData(java.lang.String, java.lang.String, java.lang.String, java.lang.String, java.lang.String)[pri:0, instance:TestPackage.MainTestClass@16022d9d] output={null}]]]>
              </value>
            </param>
          </params>
          <reporter-output>
          </reporter-output>
        </test-method> <!-- teardown -->
        <test-method status="PASS" signature="setUp()[pri:0, instance:TestPackage.MainTestClass@16022d9d]" name="setUp" is-config="true" duration-ms="10841" started-at="2020-11-10T11:29:02 IST" finished-at="2020-11-10T11:29:13 IST">
          <reporter-output>
          </reporter-output>
        </test-method> <!-- setUp -->
        <test-method status="PASS" signature="registrationData(java.lang.String, java.lang.String, java.lang.String, java.lang.String, java.lang.String)[pri:0, instance:TestPackage.MainTestClass@16022d9d]" name="registrationData" duration-ms="866" started-at="2020-11-10T11:29:13 IST" data-provider="getTestData" finished-at="2020-11-10T11:29:14 IST">
          <params>
            <param index="0">
              <value>
                <![CDATA[Jamil1]]>
              </value>
            </param>
            <param index="1">
              <value>
                <![CDATA[JamilSirname]]>
              </value>
            </param>
            <param index="2">
              <value>
                <![CDATA[Delhi]]>
              </value>
            </param>
            <param index="3">
              <value>
                <![CDATA[abc3@gmail.com]]>
              </value>
            </param>
            <param index="4">
              <value>
                <![CDATA[125.0]]>
              </value>
            </param>
          </params>
          <reporter-output>
          </reporter-output>
        </test-method> <!-- registrationData -->
        <test-method status="PASS" signature="teardown(org.testng.ITestResult)[pri:0, instance:TestPackage.MainTestClass@16022d9d]" name="teardown" is-config="true" duration-ms="730" started-at="2020-11-10T11:29:14 IST" finished-at="2020-11-10T11:29:15 IST">
          <params>
            <param index="0">
              <value>
                <![CDATA[[TestResult name=registrationData status=SUCCESS method=MainTestClass.registrationData(java.lang.String, java.lang.String, java.lang.String, java.lang.String, java.lang.String)[pri:0, instance:TestPackage.MainTestClass@16022d9d] output={null}]]]>
              </value>
            </param>
          </params>
          <reporter-output>
          </reporter-output>
        </test-method> <!-- teardown -->
        <test-method status="PASS" signature="setUp()[pri:0, instance:TestPackage.MainTestClass@16022d9d]" name="setUp" is-config="true" duration-ms="10293" started-at="2020-11-10T11:29:15 IST" finished-at="2020-11-10T11:29:25 IST">
          <reporter-output>
          </reporter-output>
        </test-method> <!-- setUp -->
        <test-method status="PASS" signature="registrationData(java.lang.String, java.lang.String, java.lang.String, java.lang.String, java.lang.String)[pri:0, instance:TestPackage.MainTestClass@16022d9d]" name="registrationData" duration-ms="735" started-at="2020-11-10T11:29:25 IST" data-provider="getTestData" finished-at="2020-11-10T11:29:26 IST">
          <params>
            <param index="0">
              <value>
                <![CDATA[Filiz1]]>
              </value>
            </param>
            <param index="1">
              <value>
                <![CDATA[FilizSirname]]>
              </value>
            </param>
            <param index="2">
              <value>
                <![CDATA[Goa]]>
              </value>
            </param>
            <param index="3">
              <value>
                <![CDATA[abc4@gmail.com]]>
              </value>
            </param>
            <param index="4">
              <value>
                <![CDATA[126.0]]>
              </value>
            </param>
          </params>
          <reporter-output>
          </reporter-output>
        </test-method> <!-- registrationData -->
        <test-method status="PASS" signature="teardown(org.testng.ITestResult)[pri:0, instance:TestPackage.MainTestClass@16022d9d]" name="teardown" is-config="true" duration-ms="1303" started-at="2020-11-10T11:29:26 IST" finished-at="2020-11-10T11:29:27 IST">
          <params>
            <param index="0">
              <value>
                <![CDATA[[TestResult name=registrationData status=SUCCESS method=MainTestClass.registrationData(java.lang.String, java.lang.String, java.lang.String, java.lang.String, java.lang.String)[pri:0, instance:TestPackage.MainTestClass@16022d9d] output={null}]]]>
              </value>
            </param>
          </params>
          <reporter-output>
          </reporter-output>
        </test-method> <!-- teardown -->
      </class> <!-- TestPackage.MainTestClass -->
    </test> <!-- Test -->
  </suite> <!-- Suite -->
</testng-results>
