<?xml version="1.0" encoding="UTF-8"?>
<!-- Generated by org.testng.reporters.JUnitXMLReporter -->
<testsuite hostname="DESKTOP-1FG66AB" ignored="0" name="Test" tests="4" failures="1" timestamp="2020-11-10T11:29:27 IST" time="86.628" errors="0">
  <testcase name="registrationData" time="5.175" classname="TestPackage.MainTestClass">
    <failure type="java.lang.NullPointerException">
      <![CDATA[java.lang.NullPointerException
at com.relevantcodes.extentreports.ExtentTest.isPathRelative(ExtentTest.java:502)
at com.relevantcodes.extentreports.ExtentTest.addScreenCapture(ExtentTest.java:287)
at TestPackage.MainTestClass.registrationData(MainTestClass.java:95)
at java.util.ArrayList.forEach(ArrayList.java:1259)
... Removed 27 stack frames]]>
    </failure>
  </testcase> <!-- registrationData -->
  <testcase name="registrationData" time="0.74" classname="TestPackage.MainTestClass"/>
  <testcase name="registrationData" time="0.866" classname="TestPackage.MainTestClass"/>
  <testcase name="registrationData" time="0.735" classname="TestPackage.MainTestClass"/>
</testsuite> <!-- Test -->
